{
  "RSpec": {
    "coverage": {
      "/Users/clay/Desktop/tranquil-headland-2085/app/models/admin.rb": [
        1,
        1,
        1,
        1,
        null,
        null,
        1,
        1,
        1,
        null,
        null,
        1,
        null,
        1,
        0,
        null,
        null,
        1,
        0,
        null,
        null,
        1,
        0,
        0,
        0,
        0,
        null,
        null,
        1,
        null,
        null,
        0,
        0,
        null,
        null,
        1,
        null,
        1,
        0,
        null,
        null
      ],
      "/Users/clay/Desktop/tranquil-headland-2085/app/models/malone_tune.rb": [
        1,
        1,
        1,
        null,
        1,
        1,
        null,
        1,
        null,
        null,
        0,
        null,
        null,
        null,
        1,
        null,
        null,
        null,
        null,
        null,
        null,
        null,
        null,
        null,
        null,
        null,
        1,
        1,
        null,
        null,
        1,
        0,
        null,
        null
      ],
      "/Users/clay/Desktop/tranquil-headland-2085/app/models/product.rb": [
        1,
        1,
        1,
        1,
        1,
        1,
        null,
        null,
        null,
        null,
        null,
        null,
        1,
        null,
        null,
        null,
        null,
        null,
        null,
        null,
        null,
        null,
        null,
        1,
        1,
        null,
        null,
        1,
        0,
        null,
        null,
        1,
        null,
        null,
        1,
        0,
        0,
        null,
        0,
        0,
        null,
        null,
        null
      ],
      "/Users/clay/Desktop/tranquil-headland-2085/app/helpers/admin_helper.rb": [
        1,
        null,
        null
      ],
      "/Users/clay/Desktop/tranquil-headland-2085/app/helpers/admin/freshbooks_helper.rb": [
        1,
        1,
        null,
        1,
        null,
        1,
        null,
        1,
        null,
        null,
        null,
        null,
        null,
        null,
        null,
        null,
        null,
        null,
        null,
        null,
        null,
        null,
        null,
        null,
        null,
        null,
        null,
        null,
        null,
        1,
        null,
        null,
        0,
        null,
        null,
        null,
        null,
        null,
        1,
        null,
        null,
        null,
        0,
        null,
        null,
        null,
        null,
        null,
        1,
        null,
        null,
        0,
        null,
        null,
        null,
        1,
        null,
        null,
        null,
        0,
        null,
        null,
        null,
        null,
        null,
        1,
        null,
        null,
        0,
        null,
        null,
        null,
        null,
        null,
        1,
        null,
        null,
        0,
        null,
        null,
        1,
        null,
        0,
        null,
        null,
        1,
        0,
        null,
        null,
        null,
        null,
        null,
        1,
        null,
        0,
        0,
        0,
        null,
        0,
        0,
        0,
        null,
        null,
        0,
        null,
        null,
        0,
        null,
        null,
        null,
        null,
        1,
        0,
        0,
        0,
        0,
        0,
        0,
        0,
        null,
        null,
        null,
        1,
        0,
        0,
        0,
        0,
        0,
        0,
        0,
        null,
        null,
        null,
        null,
        null,
        null,
        1,
        0,
        null,
        0,
        0,
        0,
        0,
        null,
        null,
        1,
        0,
        0,
        0,
        0,
        0,
        0,
        null,
        null,
        null,
        null,
        null,
        null,
        null,
        1,
        0,
        0,
        0,
        null,
        0,
        0,
        0,
        null,
        0,
        null,
        null,
        null,
        1,
        0,
        0,
        0,
        0,
        0,
        null,
        null,
        null,
        1,
        0,
        0,
        0,
        0,
        0,
        0,
        0,
        0,
        0,
        0,
        0,
        null,
        0,
        null,
        null,
        0,
        null,
        null,
        1,
        0,
        0,
        0,
        0,
        0,
        0,
        0,
        null,
        null,
        1,
        0,
        0,
        0,
        0,
        0,
        0,
        0,
        0,
        null,
        0,
        0,
        null,
        null,
        null,
        1,
        0,
        0,
        0,
        null,
        0,
        0,
        0,
        0,
        0,
        null,
        null,
        1,
        0,
        null,
        null,
        1,
        0,
        0,
        0,
        0,
        0,
        null,
        null,
        1,
        0,
        null,
        0,
        null,
        0,
        null,
        null,
        0,
        0,
        null,
        0,
        null,
        0,
        0,
        0,
        0,
        null,
        null,
        null,
        0,
        null,
        0,
        0,
        null,
        0,
        0,
        null,
        null,
        null,
        null,
        null,
        null,
        null,
        null,
        null,
        1,
        0,
        0,
        0,
        null,
        0,
        0,
        0,
        null,
        0,
        null,
        null,
        null,
        null,
        null,
        1,
        0,
        null,
        0,
        null,
        0,
        null,
        0,
        0,
        null,
        null,
        1,
        0,
        0,
        null,
        0,
        null,
        null,
        0,
        0,
        0,
        0,
        0,
        null,
        null,
        1,
        0,
        0,
        0,
        null,
        null,
        1,
        0,
        null,
        null,
        null
      ],
      "/Users/clay/Desktop/tranquil-headland-2085/app/helpers/admin/malone_tunes_helper.rb": [
        1,
        1,
        null,
        1,
        null,
        1,
        null,
        1,
        null,
        null,
        0,
        null,
        null,
        0,
        null,
        0,
        0,
        null,
        0,
        null,
        0,
        null,
        null,
        null,
        null,
        0,
        null,
        0,
        null,
        null,
        0,
        null,
        null,
        null,
        null,
        0,
        null,
        null,
        null,
        null,
        1,
        0,
        null,
        0,
        null,
        null,
        0,
        0,
        0,
        0,
        0,
        null,
        0,
        0,
        null,
        0,
        0,
        0,
        null,
        0,
        0,
        0,
        0,
        0,
        null,
        null,
        null,
        0,
        0,
        0,
        0,
        0,
        0,
        0,
        0,
        0,
        null,
        0,
        0,
        null,
        null,
        0,
        null,
        null,
        null,
        1,
        0,
        null,
        null,
        null,
        1,
        0,
        null,
        null,
        null,
        null,
        null,
        1,
        0,
        0,
        0,
        0,
        null,
        0,
        null,
        null,
        1,
        null,
        0,
        0,
        0,
        null,
        0,
        0,
        null,
        0,
        0,
        null,
        null,
        0,
        0,
        0,
        0,
        null,
        null,
        0,
        null,
        0,
        0,
        0,
        0,
        0,
        0,
        0,
        null,
        null,
        0,
        null,
        null,
        1,
        0,
        null,
        null,
        null,
        null
      ],
      "/Users/clay/Desktop/tranquil-headland-2085/app/helpers/admin/products_helper.rb": [
        1,
        null
      ],
      "/Users/clay/Desktop/tranquil-headland-2085/app/helpers/application_helper.rb": [
        1,
        null,
        1,
        0,
        null,
        null,
        1,
        0,
        null,
        null
      ],
      "/Users/clay/Desktop/tranquil-headland-2085/app/helpers/carts_helper.rb": [
        1,
        null
      ],
      "/Users/clay/Desktop/tranquil-headland-2085/app/helpers/contact_helper.rb": [
        1,
        null
      ],
      "/Users/clay/Desktop/tranquil-headland-2085/app/helpers/line_items_helper.rb": [
        1,
        null,
        1,
        0,
        null,
        null,
        1,
        0,
        0,
        0,
        null,
        0,
        null,
        null,
        null,
        null
      ],
      "/Users/clay/Desktop/tranquil-headland-2085/app/helpers/password_resets_helper.rb": [
        1,
        1,
        0,
        null,
        null
      ],
      "/Users/clay/Desktop/tranquil-headland-2085/app/helpers/sessions_helper.rb": [
        1,
        null,
        1,
        0,
        0,
        0,
        0,
        null,
        null,
        1,
        0,
        null,
        null,
        1,
        0,
        0,
        0,
        null,
        null,
        1,
        0,
        0,
        null,
        null,
        1,
        0,
        0,
        null,
        null,
        null
      ]
    },
    "timestamp": 1403542685
  }
}
