{
  "RSpec": {
    "coverage": {
      "/Users/clay/Desktop/tranquil-headland-2085/spec/support/features/callback_helpers.rb": [
        1,
        1,
        1,
        null,
        null,
        0,
        null,
        null,
        null,
        1,
        0,
        0,
        0,
        0,
        0,
        0,
        null,
        null,
        null,
        null,
        1,
        0,
        0,
        null,
        null,
        null,
        0,
        0,
        0,
        0,
        0,
        0,
        null,
        0,
        null,
        null,
        null
      ],
      "/Users/clay/Desktop/tranquil-headland-2085/spec/support/mailer_macros.rb": [
        1,
        1,
        3,
        null,
        null,
        1,
        37,
        null,
        null
      ],
      "/Users/clay/Desktop/tranquil-headland-2085/app/controllers/admin/freshbooks_controller.rb": [
        1,
        1,
        null,
        null,
        null,
        1,
        1,
        null,
        1,
        0,
        null,
        null,
        1,
        0,
        0,
        null,
        null,
        1,
        0,
        0,
        0,
        null,
        null,
        1,
        0,
        0,
        null,
        null,
        null,
        null,
        null,
        1,
        0,
        0,
        0,
        null,
        0,
        0,
        0,
        0,
        0,
        null,
        0,
        0,
        0,
        0,
        0,
        null,
        null,
        0,
        0,
        null,
        0,
        0,
        0,
        null,
        0,
        0,
        0,
        null,
        null,
        0,
        null,
        null,
        null,
        null
      ],
      "/Users/clay/Desktop/tranquil-headland-2085/app/controllers/application_controller.rb": [
        1,
        null,
        null,
        1,
        null,
        1,
        1,
        1,
        1,
        null
      ],
      "/Users/clay/Desktop/tranquil-headland-2085/spec/controllers/admin/products_controller_spec.rb": [
        1,
        null,
        1,
        1,
        null,
        1,
        1,
        1,
        1,
        null,
        null,
        1,
        1,
        1,
        1,
        null,
        null,
        null
      ],
      "/Users/clay/Desktop/tranquil-headland-2085/app/controllers/admin/products_controller.rb": [
        1,
        1,
        1,
        null,
        1,
        1,
        null,
        null,
        1,
        0,
        null,
        null,
        1,
        0,
        0,
        0,
        0,
        null,
        null,
        1,
        null,
        1,
        0,
        0,
        null,
        null,
        null
      ],
      "/Users/clay/Desktop/tranquil-headland-2085/spec/controllers/admin/sessions_controller_spec.rb": [
        1,
        null,
        1,
        2,
        null,
        1,
        1,
        1,
        1,
        null,
        null,
        null,
        1,
        1,
        1,
        null,
        null,
        1,
        null,
        null,
        null
      ],
      "/Users/clay/Desktop/tranquil-headland-2085/app/controllers/admin/sessions_controller.rb": [
        1,
        1,
        null,
        1,
        null,
        null,
        1,
        3,
        3,
        3,
        3,
        2,
        2,
        null,
        1,
        1,
        null,
        null,
        null,
        1,
        0,
        0,
        null,
        null
      ],
      "/Users/clay/Desktop/tranquil-headland-2085/spec/controllers/malone_tunes_controller_spec.rb": [
        1,
        null,
        1,
        null,
        null
      ],
      "/Users/clay/Desktop/tranquil-headland-2085/app/controllers/malone_tunes_controller.rb": [
        1,
        null
      ],
      "/Users/clay/Desktop/tranquil-headland-2085/spec/controllers/page_under_construction_controller_spec.rb": [
        1,
        null,
        1,
        null,
        null
      ],
      "/Users/clay/Desktop/tranquil-headland-2085/app/controllers/page_under_construction_controller.rb": [
        1,
        1,
        null,
        null
      ],
      "/Users/clay/Desktop/tranquil-headland-2085/spec/features/admin_pages_spec.rb": [
        1,
        1,
        null,
        1,
        1,
        1,
        1,
        1,
        null,
        null,
        null,
        null,
        1,
        2,
        null,
        1,
        3,
        1,
        1,
        1,
        1,
        null,
        null,
        1,
        1,
        1,
        1,
        1,
        null,
        null,
        null
      ],
      "/Users/clay/Desktop/tranquil-headland-2085/spec/features/authentication_pages_spec.rb": [
        1,
        null,
        1,
        1,
        1,
        1,
        1,
        null,
        null,
        null,
        3,
        null,
        1,
        2,
        1,
        1,
        null,
        null,
        null,
        1,
        3,
        3,
        null,
        2,
        2,
        null,
        null
      ],
      "/Users/clay/Desktop/tranquil-headland-2085/spec/features/password_resets_spec.rb": [
        1,
        null,
        1,
        3,
        1,
        1,
        1,
        1,
        1,
        1,
        1,
        1,
        null,
        null,
        1,
        1,
        1,
        1,
        1,
        1,
        1,
        1,
        null,
        null,
        1,
        1,
        1,
        1,
        1,
        1,
        1,
        null,
        null
      ],
      "/Users/clay/Desktop/tranquil-headland-2085/spec/features/webhooks_spec.rb": [
        1,
        1,
        1,
        1,
        null,
        null,
        null,
        null,
        null,
        null,
        null,
        null,
        1,
        1,
        0,
        0,
        null,
        null,
        1,
        1,
        0,
        0,
        0,
        0,
        null,
        null,
        null,
        1,
        1,
        null,
        null,
        null,
        0,
        0,
        0,
        null,
        null,
        1,
        0,
        0,
        0,
        null,
        null,
        1,
        0,
        0,
        0,
        null,
        null,
        null
      ],
      "/Users/clay/Desktop/tranquil-headland-2085/spec/helpers/admin/freshbooks_helper_spec.rb": [
        1,
        null,
        null,
        null,
        null,
        null,
        null,
        null,
        null,
        null,
        null,
        null,
        1,
        1,
        null
      ],
      "/Users/clay/Desktop/tranquil-headland-2085/spec/helpers/admin/products_helper_spec.rb": [
        1,
        null,
        null,
        null,
        null,
        null,
        null,
        null,
        null,
        null,
        null,
        null,
        1,
        1,
        null
      ],
      "/Users/clay/Desktop/tranquil-headland-2085/spec/mailers/admin_mailer_spec.rb": [
        1,
        null,
        1,
        1,
        2,
        2,
        null,
        1,
        1,
        1,
        1,
        1,
        null,
        null,
        null,
        null
      ],
      "/Users/clay/Desktop/tranquil-headland-2085/app/mailers/admin_mailer.rb": [
        1,
        1,
        null,
        null,
        null,
        null,
        null,
        null,
        1,
        6,
        6,
        null,
        null
      ],
      "/Users/clay/Desktop/tranquil-headland-2085/spec/models/admin_spec.rb": [
        1,
        null,
        1,
        1,
        20,
        null,
        null,
        16,
        null,
        2,
        2,
        2,
        2,
        2,
        2,
        2,
        2,
        null,
        1,
        1,
        1,
        null,
        2,
        null,
        null,
        1,
        2,
        2,
        null,
        null,
        2,
        null,
        1,
        2,
        2,
        null,
        null,
        1,
        4,
        4,
        null,
        1,
        2,
        null,
        null,
        1,
        3,
        null,
        2,
        2,
        null,
        null,
        null,
        1,
        2,
        null,
        1,
        1,
        1,
        1,
        null,
        null,
        null,
        1,
        2,
        null,
        null,
        null,
        2,
        null,
        null,
        1,
        1,
        1,
        1,
        1,
        1,
        null,
        null,
        1,
        1,
        1,
        null,
        null,
        1,
        1,
        1,
        null,
        null,
        null,
        null
      ],
      "/Users/clay/Desktop/tranquil-headland-2085/spec/models/product_spec.rb": [
        1,
        null,
        1,
        1,
        null
      ],
      "/Users/clay/Desktop/tranquil-headland-2085/app/models/product.rb": [
        1,
        null,
        1,
        1,
        1,
        null,
        null,
        null,
        null,
        null,
        null,
        1,
        null,
        null,
        null,
        null,
        null,
        null,
        null,
        null,
        null,
        null,
        null,
        null,
        null,
        1,
        1,
        null,
        null,
        1,
        0,
        null,
        null
      ],
      "/Users/clay/Desktop/tranquil-headland-2085/spec/views/password_resets/new.html.erb_spec.rb": [
        1,
        null,
        1,
        1,
        null
      ],
      "/Users/clay/Desktop/tranquil-headland-2085/app/controllers/admin_controller.rb": [
        1,
        1,
        null,
        1,
        4,
        3,
        null,
        null,
        null
      ],
      "/Users/clay/Desktop/tranquil-headland-2085/app/controllers/admin/password_resets_controller.rb": [
        1,
        1,
        null,
        1,
        null,
        null,
        1,
        2,
        2,
        1,
        1,
        null,
        1,
        1,
        null,
        null,
        null,
        1,
        1,
        null,
        null,
        1,
        1,
        1,
        1,
        1,
        1,
        1,
        1,
        null,
        0,
        0,
        null,
        null,
        null
      ]
    },
    "timestamp": 1399945500
  }
}
